# JRE version: Java(TM) SE Runtime Environment (8.0_161-b12) (build 1.8.0_161-b12)
# Java VM: Java HotSpot(TM) 64-Bit Server VM (25.161-b12 mixed mode windows-amd64 compressed oops)
Heap:
 PSYoungGen      total 234496K, used 11773K [0x00000000eaf00000, 0x00000000ff600000, 0x0000000100000000)
  eden space 222720K, 0% used [0x00000000eaf00000,0x00000000eaf00000,0x00000000f8880000)
  from space 11776K, 99% used [0x00000000f8880000,0x00000000f93ff600,0x00000000f9400000)
  to   space 15360K, 0% used [0x00000000fe700000,0x00000000fe700000,0x00000000ff600000)
 ParOldGen       total 40448K, used 17061K [0x00000000c0c00000, 0x00000000c3380000, 0x00000000eaf00000)
  object space 40448K, 42% used [0x00000000c0c00000,0x00000000c1ca9770,0x00000000c3380000)
 Metaspace       used 34969K, capacity 35262K, committed 35416K, reserved 1081344K
  class space    used 4394K, capacity 4468K, committed 4480K, reserved 1048576K
GC Heap History (10 events):
Event: 6.831 GC heap after
Heap after GC invocations=6 (full 0):
 PSYoungGen      total 141312K, used 2883K [0x00000000eaf00000, 0x00000000f4300000, 0x0000000100000000)
  eden space 131072K, 0% used [0x00000000eaf00000,0x00000000eaf00000,0x00000000f2f00000)
  from space 10240K, 28% used [0x00000000f3900000,0x00000000f3bd0c10,0x00000000f4300000)
  to   space 10240K, 0% used [0x00000000f2f00000,0x00000000f2f00000,0x00000000f3900000)
 ParOldGen       total 44032K, used 15505K [0x00000000c0c00000, 0x00000000c3700000, 0x00000000eaf00000)
  object space 44032K, 35% used [0x00000000c0c00000,0x00000000c1b244e0,0x00000000c3700000)
 Metaspace       used 20926K, capacity 21082K, committed 21248K, reserved 1067008K
  class space    used 2659K, capacity 2718K, committed 2816K, reserved 1048576K
}
Event: 6.831 GC heap before
{Heap before GC invocations=7 (full 1):
 PSYoungGen      total 141312K, used 2883K [0x00000000eaf00000, 0x00000000f4300000, 0x0000000100000000)
  eden space 131072K, 0% used [0x00000000eaf00000,0x00000000eaf00000,0x00000000f2f00000)
  from space 10240K, 28% used [0x00000000f3900000,0x00000000f3bd0c10,0x00000000f4300000)
  to   space 10240K, 0% used [0x00000000f2f00000,0x00000000f2f00000,0x00000000f3900000)
 ParOldGen       total 44032K, used 15505K [0x00000000c0c00000, 0x00000000c3700000, 0x00000000eaf00000)
  object space 44032K, 35% used [0x00000000c0c00000,0x00000000c1b244e0,0x00000000c3700000)
 Metaspace       used 20926K, capacity 21082K, committed 21248K, reserved 1067008K
  class space    used 2659K, capacity 2718K, committed 2816K, reserved 1048576K
Event: 6.956 GC heap after
Heap after GC invocations=7 (full 1):
 PSYoungGen      total 141312K, used 0K [0x00000000eaf00000, 0x00000000f4300000, 0x0000000100000000)
  eden space 131072K, 0% used [0x00000000eaf00000,0x00000000eaf00000,0x00000000f2f00000)
  from space 10240K, 0% used [0x00000000f3900000,0x00000000f3900000,0x00000000f4300000)
  to   space 10240K, 0% used [0x00000000f2f00000,0x00000000f2f00000,0x00000000f3900000)
 ParOldGen       total 40448K, used 12353K [0x00000000c0c00000, 0x00000000c3380000, 0x00000000eaf00000)
  object space 40448K, 30% used [0x00000000c0c00000,0x00000000c18107d8,0x00000000c3380000)
 Metaspace       used 20926K, capacity 21082K, committed 21248K, reserved 1067008K
  class space    used 2659K, capacity 2718K, committed 2816K, reserved 1048576K
}
Event: 10.321 GC heap before
{Heap before GC invocations=8 (full 1):
 PSYoungGen      total 141312K, used 131072K [0x00000000eaf00000, 0x00000000f4300000, 0x0000000100000000)
  eden space 131072K, 100% used [0x00000000eaf00000,0x00000000f2f00000,0x00000000f2f00000)
  from space 10240K, 0% used [0x00000000f3900000,0x00000000f3900000,0x00000000f4300000)
  to   space 10240K, 0% used [0x00000000f2f00000,0x00000000f2f00000,0x00000000f3900000)
 ParOldGen       total 40448K, used 12353K [0x00000000c0c00000, 0x00000000c3380000, 0x00000000eaf00000)
  object space 40448K, 30% used [0x00000000c0c00000,0x00000000c18107d8,0x00000000c3380000)
 Metaspace       used 23481K, capacity 23736K, committed 23936K, reserved 1071104K
  class space    used 2993K, capacity 3075K, committed 3200K, reserved 1048576K
Event: 10.372 GC heap after
Heap after GC invocations=8 (full 1):
 PSYoungGen      total 141312K, used 6739K [0x00000000eaf00000, 0x00000000f9f80000, 0x0000000100000000)
  eden space 131072K, 0% used [0x00000000eaf00000,0x00000000eaf00000,0x00000000f2f00000)
  from space 10240K, 65% used [0x00000000f2f00000,0x00000000f3594f30,0x00000000f3900000)
  to   space 10240K, 0% used [0x00000000f9580000,0x00000000f9580000,0x00000000f9f80000)
 ParOldGen       total 40448K, used 12361K [0x00000000c0c00000, 0x00000000c3380000, 0x00000000eaf00000)
  object space 40448K, 30% used [0x00000000c0c00000,0x00000000c18127d8,0x00000000c3380000)
 Metaspace       used 23481K, capacity 23736K, committed 23936K, reserved 1071104K
  class space    used 2993K, capacity 3075K, committed 3200K, reserved 1048576K
}
Event: 14.211 GC heap before
{Heap before GC invocations=9 (full 1):
 PSYoungGen      total 141312K, used 137811K [0x00000000eaf00000, 0x00000000f9f80000, 0x0000000100000000)
  eden space 131072K, 100% used [0x00000000eaf00000,0x00000000f2f00000,0x00000000f2f00000)
  from space 10240K, 65% used [0x00000000f2f00000,0x00000000f3594f30,0x00000000f3900000)
  to   space 10240K, 0% used [0x00000000f9580000,0x00000000f9580000,0x00000000f9f80000)
 ParOldGen       total 40448K, used 12361K [0x00000000c0c00000, 0x00000000c3380000, 0x00000000eaf00000)
  object space 40448K, 30% used [0x00000000c0c00000,0x00000000c18127d8,0x00000000c3380000)
 Metaspace       used 26929K, capacity 27232K, committed 27392K, reserved 1073152K
  class space    used 3465K, capacity 3567K, committed 3584K, reserved 1048576K
Event: 14.258 GC heap after
Heap after GC invocations=9 (full 1):
 PSYoungGen      total 230400K, used 10226K [0x00000000eaf00000, 0x00000000f9f80000, 0x0000000100000000)
  eden space 220160K, 0% used [0x00000000eaf00000,0x00000000eaf00000,0x00000000f8600000)
  from space 10240K, 99% used [0x00000000f9580000,0x00000000f9f7c860,0x00000000f9f80000)
  to   space 11776K, 0% used [0x00000000f8880000,0x00000000f8880000,0x00000000f9400000)
 ParOldGen       total 40448K, used 12938K [0x00000000c0c00000, 0x00000000c3380000, 0x00000000eaf00000)
  object space 40448K, 31% used [0x00000000c0c00000,0x00000000c18a2958,0x00000000c3380000)
 Metaspace       used 26929K, capacity 27232K, committed 27392K, reserved 1073152K
  class space    used 3465K, capacity 3567K, committed 3584K, reserved 1048576K
}
Event: 20.894 GC heap before
{Heap before GC invocations=10 (full 1):
 PSYoungGen      total 230400K, used 205135K [0x00000000eaf00000, 0x00000000f9f80000, 0x0000000100000000)
  eden space 220160K, 88% used [0x00000000eaf00000,0x00000000f6d576a0,0x00000000f8600000)
  from space 10240K, 99% used [0x00000000f9580000,0x00000000f9f7c860,0x00000000f9f80000)
  to   space 11776K, 0% used [0x00000000f8880000,0x00000000f8880000,0x00000000f9400000)
 ParOldGen       total 40448K, used 12938K [0x00000000c0c00000, 0x00000000c3380000, 0x00000000eaf00000)
  object space 40448K, 31% used [0x00000000c0c00000,0x00000000c18a2958,0x00000000c3380000)
 Metaspace       used 34969K, capacity 35262K, committed 35416K, reserved 1081344K
  class space    used 4394K, capacity 4468K, committed 4480K, reserved 1048576K
Event: 20.968 GC heap after
Heap after GC invocations=10 (full 1):
 PSYoungGen      total 234496K, used 11773K [0x00000000eaf00000, 0x00000000ff600000, 0x0000000100000000)
  eden space 222720K, 0% used [0x00000000eaf00000,0x00000000eaf00000,0x00000000f8880000)
  from space 11776K, 99% used [0x00000000f8880000,0x00000000f93ff600,0x00000000f9400000)
  to   space 15360K, 0% used [0x00000000fe700000,0x00000000fe700000,0x00000000ff600000)
 ParOldGen       total 40448K, used 17061K [0x00000000c0c00000, 0x00000000c3380000, 0x00000000eaf00000)
  object space 40448K, 42% used [0x00000000c0c00000,0x00000000c1ca9770,0x00000000c3380000)
 Metaspace       used 34969K, capacity 35262K, committed 35416K, reserved 1081344K
  class space    used 4394K, capacity 4468K, committed 4480K, reserved 1048576K
}
Event: 20.968 GC heap before
{Heap before GC invocations=11 (full 2):
 PSYoungGen      total 234496K, used 11773K [0x00000000eaf00000, 0x00000000ff600000, 0x0000000100000000)
  eden space 222720K, 0% used [0x00000000eaf00000,0x00000000eaf00000,0x00000000f8880000)
  from space 11776K, 99% used [0x00000000f8880000,0x00000000f93ff600,0x00000000f9400000)
  to   space 15360K, 0% used [0x00000000fe700000,0x00000000fe700000,0x00000000ff600000)
 ParOldGen       total 40448K, used 17061K [0x00000000c0c00000, 0x00000000c3380000, 0x00000000eaf00000)
  object space 40448K, 42% used [0x00000000c0c00000,0x00000000c1ca9770,0x00000000c3380000)
 Metaspace       used 34969K, capacity 35262K, committed 35416K, reserved 1081344K
  class space    used 4394K, capacity 4468K, committed 4480K, reserved 1048576K

